<?xml version="1.0" encoding="UTF-8"?>
<!-- Generated by org.testng.reporters.JUnitReportReporter -->
<testsuite hostname="DESKTOP-C10433C" failures="0" tests="1" name="newPjct.Pjct1Test" time="0.013" errors="0" timestamp="2024-08-01T14:15:32 CEST" skipped="0">
  <testcase classname="newPjct.Pjct1Test" name="pjct1Test" time="0.013"/>
</testsuite> <!-- newPjct.Pjct1Test -->
